Start testing: Apr 08 01:02 RTZ 2 (çèìà)
----------------------------------------------------------
1/1 Testing: unit_tests
1/1 Test: unit_tests
Command: "C:/Code_Territory/C_Code/Calculation_and_Derivation_lab/build/unit_tests.exe"
Directory: C:/Code_Territory/C_Code/Calculation_and_Derivation_lab/build
"unit_tests" start time: Apr 08 01:02 RTZ 2 (çèìà)
Output:
----------------------------------------------------------
===============================================================================
All tests passed (165 assertions in 20 test cases)

<end of output>
Test time =   0.14 sec
----------------------------------------------------------
Test Passed.
"unit_tests" end time: Apr 08 01:02 RTZ 2 (çèìà)
"unit_tests" time elapsed: 00:00:00
----------------------------------------------------------

End testing: Apr 08 01:02 RTZ 2 (çèìà)
